-------------------------------------------------------------------------------
Test set: runner.Runner
-------------------------------------------------------------------------------
Tests run: 1, Failures: 1, Errors: 0, Skipped: 0, Time elapsed: 36.142 s <<< FAILURE! - in runner.Runner
WhatsApp_Web notificaation Test.Verify title of WhatsApp_Web login page.  Time elapsed: 33.709 s  <<< FAILURE!
org.junit.ComparisonFailure: expected:<[Google]> but was:<[WhatsApp]>

