<?xml version="1.0" encoding="UTF-8"?>
<testsuite xmlns:xsi="http://www.w3.org/2001/XMLSchema-instance" xsi:noNamespaceSchemaLocation="https://maven.apache.org/surefire/maven-surefire-plugin/xsd/surefire-test-report-3.0.xsd" version="3.0" name="runner.Runner" time="36.142" tests="1" errors="0" skipped="0" failures="1">
  <properties>
[...]
</properties>
  <testcase name="Verify title of WhatsApp_Web login page." classname="WhatsApp_Web notificaation Test" time="33.709">
    <failure type="org.junit.ComparisonFailure"><![CDATA[org.junit.ComparisonFailure: expected:<[Google]> but was:<[WhatsApp]>
]]></failure>
    <system-out><![CDATA[
@Smoketest1
Scenario: Verify title of WhatsApp_Web login page.                 # src/test/java/feature/WhatsApp_Web.feature:4
start
Google
  Given Launch WhatsApp_Web url                                    # stepdefination.Notification_Test.whtsApp_Web()
      org.junit.ComparisonFailure: expected:<[Google]> but was:<[WhatsApp]>
	at org.junit.Assert.assertEquals(Assert.java:117)
	at org.junit.Assert.assertEquals(Assert.java:146)
	at pageClass.WhatsApp_Notification_Module.verify_WhatsApp_Title(WhatsApp_Notification_Module.java:79)
	at stepdefination.Notification_Test.whtsApp_Web(Notification_Test.java:42)
	at âœ½.Launch WhatsApp_Web url(file:///D:/Eclipse_Workspace/WhatsApp_Web/src/test/java/feature/WhatsApp_Web.feature:6)

  When Enter Aditya Birla name in search text box                  # stepdefination.Notification_Test.enter_ABHI_Text()
  And Enter option in chat window                                  # stepdefination.Notification_Test.enter_Option()
  Then Auto response should appearing with respect to enter option # stepdefination.Notification_Test.verify_Response()

    Embedding please find below screenshot [image/png 55663 bytes]

]]></system-out>
    <system-err><![CDATA[Starting ChromeDriver 94.0.4606.61 (418b78f5838ed0b1c69bb4e51ea0252171854915-refs/branch-heads/4606@{#1204}) on port 9166
Only local connections are allowed.
Please see https://chromedriver.chromium.org/security-considerations for suggestions on keeping ChromeDriver safe.
ChromeDriver was started successfully.
Oct 19, 2021 4:54:32 PM org.openqa.selenium.remote.ProtocolHandshake createSession
INFO: Detected dialect: W3C
]]></system-err>
  </testcase>
</testsuite>